# JRE version: Java(TM) SE Runtime Environment (7.0_75-b13) (build 1.7.0_75-b13)
# Java VM: Java HotSpot(TM) 64-Bit Server VM (24.75-b04 mixed mode windows-amd64 compressed oops)
Heap
 PSYoungGen      total 78336K, used 29559K [0x00000000eaa80000, 0x00000000f4280000, 0x0000000100000000)
  eden space 66560K, 33% used [0x00000000eaa80000,0x00000000ec058e18,0x00000000eeb80000)
  from space 11776K, 61% used [0x00000000eeb80000,0x00000000ef285068,0x00000000ef700000)
  to   space 11264K, 0% used [0x00000000f3780000,0x00000000f3780000,0x00000000f4280000)
 ParOldGen       total 86528K, used 15323K [0x00000000c0000000, 0x00000000c5480000, 0x00000000eaa80000)
  object space 86528K, 17% used [0x00000000c0000000,0x00000000c0ef6f10,0x00000000c5480000)
 PSPermGen       total 31744K, used 31722K [0x00000000b0000000, 0x00000000b1f00000, 0x00000000c0000000)
  object space 31744K, 99% used [0x00000000b0000000,0x00000000b1efa878,0x00000000b1f00000)
GC Heap History (10 events):
Event: 7.803 GC heap before
{Heap before GC invocations=3 (full 0):
 PSYoungGen      total 38400K, used 38378K [0x00000000eaa80000, 0x00000000ed500000, 0x0000000100000000)
  eden space 33280K, 100% used [0x00000000eaa80000,0x00000000ecb00000,0x00000000ecb00000)
  from space 5120K, 99% used [0x00000000ed000000,0x00000000ed4fa8a0,0x00000000ed500000)
  to   space 5120K, 0% used [0x00000000ecb00000,0x00000000ecb00000,0x00000000ed000000)
 ParOldGen       total 86528K, used 2004K [0x00000000c0000000, 0x00000000c5480000, 0x00000000eaa80000)
  object space 86528K, 2% used [0x00000000c0000000,0x00000000c01f5218,0x00000000c5480000)
 PSPermGen       total 21504K, used 18815K [0x00000000b0000000, 0x00000000b1500000, 0x00000000c0000000)
  object space 21504K, 87% used [0x00000000b0000000,0x00000000b125fd80,0x00000000b1500000)
Event: 7.814 GC heap after
Heap after GC invocations=3 (full 0):
 PSYoungGen      total 38400K, used 5108K [0x00000000eaa80000, 0x00000000ed500000, 0x0000000100000000)
  eden space 33280K, 0% used [0x00000000eaa80000,0x00000000eaa80000,0x00000000ecb00000)
  from space 5120K, 99% used [0x00000000ecb00000,0x00000000ecffd0b0,0x00000000ed000000)
  to   space 5120K, 0% used [0x00000000ed000000,0x00000000ed000000,0x00000000ed500000)
 ParOldGen       total 86528K, used 5453K [0x00000000c0000000, 0x00000000c5480000, 0x00000000eaa80000)
  object space 86528K, 6% used [0x00000000c0000000,0x00000000c0553708,0x00000000c5480000)
 PSPermGen       total 21504K, used 18815K [0x00000000b0000000, 0x00000000b1500000, 0x00000000c0000000)
  object space 21504K, 87% used [0x00000000b0000000,0x00000000b125fd80,0x00000000b1500000)
}
Event: 8.439 GC heap before
{Heap before GC invocations=4 (full 0):
 PSYoungGen      total 38400K, used 38388K [0x00000000eaa80000, 0x00000000ed500000, 0x0000000100000000)
  eden space 33280K, 100% used [0x00000000eaa80000,0x00000000ecb00000,0x00000000ecb00000)
  from space 5120K, 99% used [0x00000000ecb00000,0x00000000ecffd0b0,0x00000000ed000000)
  to   space 5120K, 0% used [0x00000000ed000000,0x00000000ed000000,0x00000000ed500000)
 ParOldGen       total 86528K, used 5453K [0x00000000c0000000, 0x00000000c5480000, 0x00000000eaa80000)
  object space 86528K, 6% used [0x00000000c0000000,0x00000000c0553708,0x00000000c5480000)
 PSPermGen       total 22016K, used 21817K [0x00000000b0000000, 0x00000000b1580000, 0x00000000c0000000)
  object space 22016K, 99% used [0x00000000b0000000,0x00000000b154e528,0x00000000b1580000)
Event: 8.449 GC heap after
Heap after GC invocations=4 (full 0):
 PSYoungGen      total 38400K, used 5088K [0x00000000eaa80000, 0x00000000ed500000, 0x0000000100000000)
  eden space 33280K, 0% used [0x00000000eaa80000,0x00000000eaa80000,0x00000000ecb00000)
  from space 5120K, 99% used [0x00000000ed000000,0x00000000ed4f8020,0x00000000ed500000)
  to   space 5120K, 0% used [0x00000000ecb00000,0x00000000ecb00000,0x00000000ed000000)
 ParOldGen       total 86528K, used 8802K [0x00000000c0000000, 0x00000000c5480000, 0x00000000eaa80000)
  object space 86528K, 10% used [0x00000000c0000000,0x00000000c08989c0,0x00000000c5480000)
 PSPermGen       total 22016K, used 21817K [0x00000000b0000000, 0x00000000b1580000, 0x00000000c0000000)
  object space 22016K, 99% used [0x00000000b0000000,0x00000000b154e528,0x00000000b1580000)
}
Event: 9.004 GC heap before
{Heap before GC invocations=5 (full 0):
 PSYoungGen      total 38400K, used 38368K [0x00000000eaa80000, 0x00000000ed500000, 0x0000000100000000)
  eden space 33280K, 100% used [0x00000000eaa80000,0x00000000ecb00000,0x00000000ecb00000)
  from space 5120K, 99% used [0x00000000ed000000,0x00000000ed4f8020,0x00000000ed500000)
  to   space 5120K, 0% used [0x00000000ecb00000,0x00000000ecb00000,0x00000000ed000000)
 ParOldGen       total 86528K, used 8802K [0x00000000c0000000, 0x00000000c5480000, 0x00000000eaa80000)
  object space 86528K, 10% used [0x00000000c0000000,0x00000000c08989c0,0x00000000c5480000)
 PSPermGen       total 24576K, used 24269K [0x00000000b0000000, 0x00000000b1800000, 0x00000000c0000000)
  object space 24576K, 98% used [0x00000000b0000000,0x00000000b17b3680,0x00000000b1800000)
Event: 9.019 GC heap after
Heap after GC invocations=5 (full 0):
 PSYoungGen      total 38400K, used 5108K [0x00000000eaa80000, 0x00000000f0280000, 0x0000000100000000)
  eden space 33280K, 0% used [0x00000000eaa80000,0x00000000eaa80000,0x00000000ecb00000)
  from space 5120K, 99% used [0x00000000ecb00000,0x00000000ecffd030,0x00000000ed000000)
  to   space 11776K, 0% used [0x00000000ef700000,0x00000000ef700000,0x00000000f0280000)
 ParOldGen       total 86528K, used 12898K [0x00000000c0000000, 0x00000000c5480000, 0x00000000eaa80000)
  object space 86528K, 14% used [0x00000000c0000000,0x00000000c0c98a38,0x00000000c5480000)
 PSPermGen       total 24576K, used 24269K [0x00000000b0000000, 0x00000000b1800000, 0x00000000c0000000)
  object space 24576K, 98% used [0x00000000b0000000,0x00000000b17b3680,0x00000000b1800000)
}
Event: 9.683 GC heap before
{Heap before GC invocations=6 (full 0):
 PSYoungGen      total 38400K, used 38388K [0x00000000eaa80000, 0x00000000f0280000, 0x0000000100000000)
  eden space 33280K, 100% used [0x00000000eaa80000,0x00000000ecb00000,0x00000000ecb00000)
  from space 5120K, 99% used [0x00000000ecb00000,0x00000000ecffd030,0x00000000ed000000)
  to   space 11776K, 0% used [0x00000000ef700000,0x00000000ef700000,0x00000000f0280000)
 ParOldGen       total 86528K, used 12898K [0x00000000c0000000, 0x00000000c5480000, 0x00000000eaa80000)
  object space 86528K, 14% used [0x00000000c0000000,0x00000000c0c98a38,0x00000000c5480000)
 PSPermGen       total 28672K, used 28340K [0x00000000b0000000, 0x00000000b1c00000, 0x00000000c0000000)
  object space 28672K, 98% used [0x00000000b0000000,0x00000000b1bad0d8,0x00000000b1c00000)
Event: 9.698 GC heap after
Heap after GC invocations=6 (full 0):
 PSYoungGen      total 78336K, used 8580K [0x00000000eaa80000, 0x00000000f0280000, 0x0000000100000000)
  eden space 66560K, 0% used [0x00000000eaa80000,0x00000000eaa80000,0x00000000eeb80000)
  from space 11776K, 72% used [0x00000000ef700000,0x00000000eff61360,0x00000000f0280000)
  to   space 11776K, 0% used [0x00000000eeb80000,0x00000000eeb80000,0x00000000ef700000)
 ParOldGen       total 86528K, used 12898K [0x00000000c0000000, 0x00000000c5480000, 0x00000000eaa80000)
  object space 86528K, 14% used [0x00000000c0000000,0x00000000c0c98a38,0x00000000c5480000)
 PSPermGen       total 28672K, used 28340K [0x00000000b0000000, 0x00000000b1c00000, 0x00000000c0000000)
  object space 28672K, 98% used [0x00000000b0000000,0x00000000b1bad0d8,0x00000000b1c00000)
}
Event: 12.529 GC heap before
{Heap before GC invocations=7 (full 0):
 PSYoungGen      total 78336K, used 75140K [0x00000000eaa80000, 0x00000000f0280000, 0x0000000100000000)
  eden space 66560K, 100% used [0x00000000eaa80000,0x00000000eeb80000,0x00000000eeb80000)
  from space 11776K, 72% used [0x00000000ef700000,0x00000000eff61360,0x00000000f0280000)
  to   space 11776K, 0% used [0x00000000eeb80000,0x00000000eeb80000,0x00000000ef700000)
 ParOldGen       total 86528K, used 12898K [0x00000000c0000000, 0x00000000c5480000, 0x00000000eaa80000)
  object space 86528K, 14% used [0x00000000c0000000,0x00000000c0c98a38,0x00000000c5480000)
 PSPermGen       total 30208K, used 29890K [0x00000000b0000000, 0x00000000b1d80000, 0x00000000c0000000)
  object space 30208K, 98% used [0x00000000b0000000,0x00000000b1d30a20,0x00000000b1d80000)
Event: 12.546 GC heap after
Heap after GC invocations=7 (full 0):
 PSYoungGen      total 78336K, used 7188K [0x00000000eaa80000, 0x00000000f4280000, 0x0000000100000000)
  eden space 66560K, 0% used [0x00000000eaa80000,0x00000000eaa80000,0x00000000eeb80000)
  from space 11776K, 61% used [0x00000000eeb80000,0x00000000ef285068,0x00000000ef700000)
  to   space 11264K, 0% used [0x00000000f3780000,0x00000000f3780000,0x00000000f4280000)
 ParOldGen       total 86528K, used 15323K [0x00000000c0000000, 0x00000000c5480000, 0x00000000eaa80000)
  object space 86528K, 17% used [0x00000000c0000000,0x00000000c0ef6f10,0x00000000c5480000)
 PSPermGen       total 30208K, used 29890K [0x00000000b0000000, 0x00000000b1d80000, 0x00000000c0000000)
  object space 30208K, 98% used [0x00000000b0000000,0x00000000b1d30a20,0x00000000b1d80000)
}

